#
#
#                CENTRAL SOURCE:  STR_1408_N_06
#
#Central source:  02 20 45.8590  -11 00 36.6500
#
#                                            Shift FROM central source
#                                            TO listed source (arcsec)
#Source          RA              Dec          d_RA       d_Dec    d_tot  PA(N->E)
#----------  -------------  -------------  ---------  ---------  ------- -------
STR_1408_N_06  02 20 46.1184  -11 00 36.360     3.82 E     0.29 N     3.83   +85.7
#
#----------------------------------------------------------------------------
#
#
#                CENTRAL SOURCE:  STR_2938832465
#
#Central source:  02 29 36.7340  -03 14 43.2200
#
#                                            Shift FROM central source
#                                            TO listed source (arcsec)
#Source          RA              Dec          d_RA       d_Dec    d_tot  PA(N->E)
#----------  -------------  -------------  ---------  ---------  ------- -------
STR_2938832465  02 29 36.8688  -03 14 40.560     2.02 E     2.66 N     3.34   +37.2
#
#----------------------------------------------------------------------------
#
#
#                CENTRAL SOURCE:  STR_2940812349
#
#Central source:  03 38 53.0590  -26 14 53.9500
#
#                                            Shift FROM central source
#                                            TO listed source (arcsec)
#Source          RA              Dec          d_RA       d_Dec    d_tot  PA(N->E)
#----------  -------------  -------------  ---------  ---------  ------- -------
STR_2940812349  03 38 53.2032  -26 14 54.816     1.94 E     0.87 S     2.12  +114.1
#
#----------------------------------------------------------------------------
